# JRE version: Java(TM) SE Runtime Environment (8.0_73-b02) (build 1.8.0_73-b02)
# Java VM: Java HotSpot(TM) 64-Bit Server VM (25.73-b02 mixed mode windows-amd64 compressed oops)
Heap:
 PSYoungGen      total 196608K, used 29111K [0x0000000780980000, 0x000000078f400000, 0x00000007c0000000)
  eden space 181248K, 7% used [0x0000000780980000,0x00000007816f15e0,0x000000078ba80000)
  from space 15360K, 99% used [0x000000078ba80000,0x000000078c97c708,0x000000078c980000)
  to   space 17920K, 0% used [0x000000078e280000,0x000000078e280000,0x000000078f400000)
 ParOldGen       total 129536K, used 21550K [0x0000000701c00000, 0x0000000709a80000, 0x0000000780980000)
  object space 129536K, 16% used [0x0000000701c00000,0x000000070310baa0,0x0000000709a80000)
 Metaspace       used 54821K, capacity 57613K, committed 57856K, reserved 1099776K
  class space    used 7643K, capacity 8125K, committed 8192K, reserved 1048576K
GC Heap History (10 events):
Event: 3.914 GC heap before
{Heap before GC invocations=7 (full 1):
 PSYoungGen      total 102912K, used 101924K [0x0000000780980000, 0x0000000789180000, 0x00000007c0000000)
  eden space 94720K, 99% used [0x0000000780980000,0x00000007865fa510,0x0000000786600000)
  from space 8192K, 88% used [0x0000000786600000,0x0000000786d0ec38,0x0000000786e00000)
  to   space 9216K, 0% used [0x0000000788880000,0x0000000788880000,0x0000000789180000)
 ParOldGen       total 77312K, used 7782K [0x0000000701c00000, 0x0000000706780000, 0x0000000780980000)
  object space 77312K, 10% used [0x0000000701c00000,0x00000007023999a8,0x0000000706780000)
 Metaspace       used 29891K, capacity 31439K, committed 31616K, reserved 1077248K
  class space    used 4098K, capacity 4401K, committed 4480K, reserved 1048576K
Event: 3.932 GC heap after
Heap after GC invocations=7 (full 1):
 PSYoungGen      total 125952K, used 9184K [0x0000000780980000, 0x000000078b380000, 0x00000007c0000000)
  eden space 116736K, 0% used [0x0000000780980000,0x0000000780980000,0x0000000787b80000)
  from space 9216K, 99% used [0x0000000788880000,0x00000007891783e0,0x0000000789180000)
  to   space 13312K, 0% used [0x0000000787b80000,0x0000000787b80000,0x0000000788880000)
 ParOldGen       total 77312K, used 12969K [0x0000000701c00000, 0x0000000706780000, 0x0000000780980000)
  object space 77312K, 16% used [0x0000000701c00000,0x00000007028aa628,0x0000000706780000)
 Metaspace       used 29891K, capacity 31439K, committed 31616K, reserved 1077248K
  class space    used 4098K, capacity 4401K, committed 4480K, reserved 1048576K
}
Event: 4.423 GC heap before
{Heap before GC invocations=8 (full 1):
 PSYoungGen      total 125952K, used 54331K [0x0000000780980000, 0x000000078b380000, 0x00000007c0000000)
  eden space 116736K, 38% used [0x0000000780980000,0x0000000783596a90,0x0000000787b80000)
  from space 9216K, 99% used [0x0000000788880000,0x00000007891783e0,0x0000000789180000)
  to   space 13312K, 0% used [0x0000000787b80000,0x0000000787b80000,0x0000000788880000)
 ParOldGen       total 77312K, used 12969K [0x0000000701c00000, 0x0000000706780000, 0x0000000780980000)
  object space 77312K, 16% used [0x0000000701c00000,0x00000007028aa628,0x0000000706780000)
 Metaspace       used 33843K, capacity 35431K, committed 35496K, reserved 1079296K
  class space    used 4510K, capacity 4833K, committed 4864K, reserved 1048576K
Event: 4.442 GC heap after
Heap after GC invocations=8 (full 1):
 PSYoungGen      total 130048K, used 13301K [0x0000000780980000, 0x000000078dd00000, 0x00000007c0000000)
  eden space 116736K, 0% used [0x0000000780980000,0x0000000780980000,0x0000000787b80000)
  from space 13312K, 99% used [0x0000000787b80000,0x000000078887d6d8,0x0000000788880000)
  to   space 15360K, 0% used [0x000000078ce00000,0x000000078ce00000,0x000000078dd00000)
 ParOldGen       total 77312K, used 13301K [0x0000000701c00000, 0x0000000706780000, 0x0000000780980000)
  object space 77312K, 17% used [0x0000000701c00000,0x00000007028fd650,0x0000000706780000)
 Metaspace       used 33843K, capacity 35431K, committed 35496K, reserved 1079296K
  class space    used 4510K, capacity 4833K, committed 4864K, reserved 1048576K
}
Event: 4.442 GC heap before
{Heap before GC invocations=9 (full 2):
 PSYoungGen      total 130048K, used 13301K [0x0000000780980000, 0x000000078dd00000, 0x00000007c0000000)
  eden space 116736K, 0% used [0x0000000780980000,0x0000000780980000,0x0000000787b80000)
  from space 13312K, 99% used [0x0000000787b80000,0x000000078887d6d8,0x0000000788880000)
  to   space 15360K, 0% used [0x000000078ce00000,0x000000078ce00000,0x000000078dd00000)
 ParOldGen       total 77312K, used 13301K [0x0000000701c00000, 0x0000000706780000, 0x0000000780980000)
  object space 77312K, 17% used [0x0000000701c00000,0x00000007028fd650,0x0000000706780000)
 Metaspace       used 33843K, capacity 35431K, committed 35496K, reserved 1079296K
  class space    used 4510K, capacity 4833K, committed 4864K, reserved 1048576K
Event: 4.537 GC heap after
Heap after GC invocations=9 (full 2):
 PSYoungGen      total 130048K, used 0K [0x0000000780980000, 0x000000078dd00000, 0x00000007c0000000)
  eden space 116736K, 0% used [0x0000000780980000,0x0000000780980000,0x0000000787b80000)
  from space 13312K, 0% used [0x0000000787b80000,0x0000000787b80000,0x0000000788880000)
  to   space 15360K, 0% used [0x000000078ce00000,0x000000078ce00000,0x000000078dd00000)
 ParOldGen       total 129536K, used 20612K [0x0000000701c00000, 0x0000000709a80000, 0x0000000780980000)
  object space 129536K, 15% used [0x0000000701c00000,0x00000007030212a8,0x0000000709a80000)
 Metaspace       used 33843K, capacity 35431K, committed 35496K, reserved 1079296K
  class space    used 4510K, capacity 4833K, committed 4864K, reserved 1048576K
}
Event: 5.632 GC heap before
{Heap before GC invocations=10 (full 2):
 PSYoungGen      total 130048K, used 116736K [0x0000000780980000, 0x000000078dd00000, 0x00000007c0000000)
  eden space 116736K, 100% used [0x0000000780980000,0x0000000787b80000,0x0000000787b80000)
  from space 13312K, 0% used [0x0000000787b80000,0x0000000787b80000,0x0000000788880000)
  to   space 15360K, 0% used [0x000000078ce00000,0x000000078ce00000,0x000000078dd00000)
 ParOldGen       total 129536K, used 20612K [0x0000000701c00000, 0x0000000709a80000, 0x0000000780980000)
  object space 129536K, 15% used [0x0000000701c00000,0x00000007030212a8,0x0000000709a80000)
 Metaspace       used 42929K, capacity 44731K, committed 45056K, reserved 1087488K
  class space    used 6018K, capacity 6379K, committed 6400K, reserved 1048576K
Event: 5.647 GC heap after
Heap after GC invocations=10 (full 2):
 PSYoungGen      total 178176K, used 10448K [0x0000000780980000, 0x000000078d880000, 0x00000007c0000000)
  eden space 167424K, 0% used [0x0000000780980000,0x0000000780980000,0x000000078ad00000)
  from space 10752K, 97% used [0x000000078ce00000,0x000000078d834330,0x000000078d880000)
  to   space 15360K, 0% used [0x000000078ba80000,0x000000078ba80000,0x000000078c980000)
 ParOldGen       total 129536K, used 20620K [0x0000000701c00000, 0x0000000709a80000, 0x0000000780980000)
  object space 129536K, 15% used [0x0000000701c00000,0x00000007030232a8,0x0000000709a80000)
 Metaspace       used 42929K, capacity 44731K, committed 45056K, reserved 1087488K
  class space    used 6018K, capacity 6379K, committed 6400K, reserved 1048576K
}
Event: 83.046 GC heap before
{Heap before GC invocations=11 (full 2):
 PSYoungGen      total 178176K, used 177872K [0x0000000780980000, 0x000000078d880000, 0x00000007c0000000)
  eden space 167424K, 100% used [0x0000000780980000,0x000000078ad00000,0x000000078ad00000)
  from space 10752K, 97% used [0x000000078ce00000,0x000000078d834330,0x000000078d880000)
  to   space 15360K, 0% used [0x000000078ba80000,0x000000078ba80000,0x000000078c980000)
 ParOldGen       total 129536K, used 20620K [0x0000000701c00000, 0x0000000709a80000, 0x0000000780980000)
  object space 129536K, 15% used [0x0000000701c00000,0x00000007030232a8,0x0000000709a80000)
 Metaspace       used 54350K, capacity 57079K, committed 57344K, reserved 1097728K
  class space    used 7581K, capacity 8082K, committed 8192K, reserved 1048576K
Event: 83.070 GC heap after
Heap after GC invocations=11 (full 2):
 PSYoungGen      total 196608K, used 15345K [0x0000000780980000, 0x000000078f400000, 0x00000007c0000000)
  eden space 181248K, 0% used [0x0000000780980000,0x0000000780980000,0x000000078ba80000)
  from space 15360K, 99% used [0x000000078ba80000,0x000000078c97c708,0x000000078c980000)
  to   space 17920K, 0% used [0x000000078e280000,0x000000078e280000,0x000000078f400000)
 ParOldGen       total 129536K, used 21550K [0x0000000701c00000, 0x0000000709a80000, 0x0000000780980000)
  object space 129536K, 16% used [0x0000000701c00000,0x000000070310baa0,0x0000000709a80000)
 Metaspace       used 54350K, capacity 57079K, committed 57344K, reserved 1097728K
  class space    used 7581K, capacity 8082K, committed 8192K, reserved 1048576K
}

